22:37:09.638 [TestNG-tests-1] INFO  testCases.TC001_AccountRegistrationTest - clicked my account link....
22:37:10.232 [TestNG-tests-3] INFO  testCases.TC001_AccountRegistrationTest - clicked my register link....
22:37:10.822 [TestNG-tests-1] INFO  testCases.TC001_AccountRegistrationTest - clicked my register link....
22:45:14.698 [main] DEBUG org.testng.TestNG - suiteXmlPath: "C:\Users\34339\AppData\Local\JetBrains\IdeaIC2023.1\temp-testng-customsuite.xml"
22:45:14.885 [main] INFO  org.testng.internal.Utils - [TestNG] Running:
  C:\Users\34339\AppData\Local\JetBrains\IdeaIC2023.1\temp-testng-customsuite.xml

22:45:45.075 [main] DEBUG org.testng.TestNG - suiteXmlPath: "D:\code-practice\Guo\OpenCartGuo\crossBrowsertest.xml"
22:45:45.270 [main] INFO  org.testng.internal.Utils - [TestNG] Running:
  D:\code-practice\Guo\OpenCartGuo\crossBrowsertest.xml

22:45:52.173 [TestNG-tests-2] INFO  testCases.TC001_AccountRegistrationTest - --------starting TC001_AccountRegistrationTest--------
22:45:52.251 [TestNG-tests-2] INFO  testCases.TC001_AccountRegistrationTest - clicked my account link....
22:45:53.002 [TestNG-tests-2] INFO  testCases.TC001_AccountRegistrationTest - clicked my register link....
22:45:54.270 [TestNG-tests-3] INFO  testCases.TC001_AccountRegistrationTest - --------starting TC001_AccountRegistrationTest--------
22:45:54.517 [TestNG-tests-3] INFO  testCases.TC001_AccountRegistrationTest - clicked my account link....
22:45:54.854 [TestNG-tests-1] INFO  testCases.TC001_AccountRegistrationTest - --------starting TC001_AccountRegistrationTest--------
22:45:54.977 [TestNG-tests-1] INFO  testCases.TC001_AccountRegistrationTest - clicked my account link....
22:45:55.509 [TestNG-tests-3] INFO  testCases.TC001_AccountRegistrationTest - clicked my register link....
22:45:57.284 [TestNG-tests-1] INFO  testCases.TC001_AccountRegistrationTest - clicked my register link....
22:50:02.192 [main] DEBUG org.testng.TestNG - suiteXmlPath: "D:\code-practice\Guo\OpenCartGuo\crossBrowsertest.xml"
22:50:02.428 [main] INFO  org.testng.internal.Utils - [TestNG] Running:
  D:\code-practice\Guo\OpenCartGuo\crossBrowsertest.xml

22:50:12.606 [TestNG-tests-3] INFO  testCases.TC001_AccountRegistrationTest - --------starting TC001_AccountRegistrationTest--------
22:50:12.868 [TestNG-tests-3] INFO  testCases.TC001_AccountRegistrationTest - clicked my account link....
22:50:13.692 [TestNG-tests-2] INFO  testCases.TC001_AccountRegistrationTest - --------starting TC001_AccountRegistrationTest--------
22:50:13.758 [TestNG-tests-2] INFO  testCases.TC001_AccountRegistrationTest - clicked my account link....
22:50:13.923 [TestNG-tests-1] INFO  testCases.TC001_AccountRegistrationTest - --------starting TC001_AccountRegistrationTest--------
22:50:13.972 [TestNG-tests-3] INFO  testCases.TC001_AccountRegistrationTest - clicked my register link....
22:50:14.090 [TestNG-tests-1] INFO  testCases.TC001_AccountRegistrationTest - clicked my account link....
22:50:14.572 [TestNG-tests-2] INFO  testCases.TC001_AccountRegistrationTest - clicked my register link....
22:50:14.901 [TestNG-tests-1] INFO  testCases.TC001_AccountRegistrationTest - clicked my register link....
22:50:15.583 [TestNG-tests-3] INFO  testCases.TC001_AccountRegistrationTest - started verify message...
22:50:15.605 [TestNG-tests-3] INFO  testCases.TC001_AccountRegistrationTest - ----Test is finished..-----
22:50:15.826 [TestNG-tests-2] INFO  testCases.TC001_AccountRegistrationTest - started verify message...
22:50:15.854 [TestNG-tests-2] INFO  testCases.TC001_AccountRegistrationTest - ----Test is finished..-----
22:50:16.277 [TestNG-tests-1] INFO  testCases.TC001_AccountRegistrationTest - started verify message...
22:50:16.310 [TestNG-tests-1] INFO  testCases.TC001_AccountRegistrationTest - ----Test is finished..-----
22:30:37.181 [main] DEBUG org.testng.TestNG - suiteXmlPath: "C:\Users\34339\AppData\Local\JetBrains\IdeaIC2023.1\temp-testng-customsuite.xml"
22:30:37.375 [main] INFO  org.testng.internal.Utils - [TestNG] Running:
  C:\Users\34339\AppData\Local\JetBrains\IdeaIC2023.1\temp-testng-customsuite.xml

22:33:52.813 [main] DEBUG org.testng.TestNG - suiteXmlPath: "D:\code-practice\Guo\OpenCartGuo\loginTest.xml"
22:33:52.955 [main] INFO  org.testng.internal.Utils - [Utils] MethodGroupsHelper.collectMethodsByGroup() took 0 ms.
22:33:52.957 [main] INFO  org.testng.internal.Utils - [Utils] MethodGroupsHelper.sortMethods() took 0 ms.
22:33:52.958 [main] INFO  org.testng.internal.Utils - [Utils] MethodGroupsHelper.collectMethodsByGroup() took 0 ms.
22:33:52.958 [main] INFO  org.testng.internal.Utils - [Utils] MethodGroupsHelper.sortMethods() took 0 ms.
22:33:52.958 [main] INFO  org.testng.internal.Utils - [Utils] MethodGroupsHelper.collectMethodsByGroup() took 0 ms.
22:33:52.959 [main] INFO  org.testng.internal.Utils - [Utils] MethodGroupsHelper.sortMethods() took 0 ms.
22:33:52.959 [main] INFO  org.testng.internal.Utils - [Utils] MethodGroupsHelper.collectMethodsByGroup() took 0 ms.
